This is e-pTeX, Version 3.14159265-p3.6-141210-2.6 (utf8.euc) (TeX Live 2015/Debian) (preloaded format=platex 2017.11.22)  28 NOV 2017 13:25
entering extended mode
 restricted \write18 enabled.
 %&-line parsing enabled.
**formal.tex
(./formal.tex
pLaTeX2e <2006/11/10> (based on LaTeX2e <2016/02/01> patch level 0)
Babel <3.9n> and hyphenation patterns for 13 languages loaded.

! LaTeX Error: File `ipsjpapers.cls' not found.

Type X to quit or <RETURN> to proceed,
or enter new name. (Default extension: cls)

Enter file name: 
! Emergency stop.
<read *> 
         
l.2 \usepackage
               {comsys-poster}^^M
End of file on the terminal!

 
Here is how much of TeX's memory you used:
 9 strings out of 494824
 107 string characters out of 6178753
 50560 words of memory out of 5000000
 3537 multiletter control sequences out of 15000+600000
 7511 words of font info for 31 fonts, out of 8000000 for 9000
 286 hyphenation exceptions out of 8191
 10i,0n,7p,59b,8s stack positions out of 5000i,500n,10000p,200000b,80000s
No pages of output.
